<?xml version="1.0" encoding="UTF-8"?>
<coverage generated="1752169363543" clover="3.2.0">
  <project timestamp="1752169363543" name="All files">
    <metrics statements="23" coveredstatements="19" conditionals="11" coveredconditionals="7" methods="8" coveredmethods="7" elements="42" coveredelements="33" complexity="0" loc="23" ncloc="23" packages="1" files="2" classes="2"/>
    <file name="D1_T1_GitHubCopilot.js" path="/Users/giotto/Desktop/opit/TERMS/Term_6/Prototype/Dimensions_Tests/D1_GenerativeCapacity&CodeQuality/D1_T1_GitHubCopilot.js">
      <metrics statements="6" coveredstatements="6" conditionals="2" coveredconditionals="2" methods="3" coveredmethods="3"/>
      <line num="5" count="1" type="stmt"/>
      <line num="7" count="3" type="cond" truecount="2" falsecount="0"/>
      <line num="8" count="2" type="stmt"/>
      <line num="11" count="3" type="stmt"/>
      <line num="12" count="1" type="stmt"/>
      <line num="17" count="1" type="stmt"/>
    </file>
    <file name="D1_T2_GitHubCopilot.js" path="/Users/giotto/Desktop/opit/TERMS/Term_6/Prototype/Dimensions_Tests/D1_GenerativeCapacity&CodeQuality/D1_T2_GitHubCopilot.js">
      <metrics statements="17" coveredstatements="13" conditionals="9" coveredconditionals="5" methods="5" coveredmethods="4"/>
      <line num="3" count="3" type="stmt"/>
      <line num="4" count="3" type="stmt"/>
      <line num="6" count="3" type="stmt"/>
      <line num="7" count="3" type="stmt"/>
      <line num="8" count="0" type="stmt"/>
      <line num="9" count="0" type="stmt"/>
      <line num="12" count="3" type="stmt"/>
      <line num="14" count="1" type="stmt"/>
      <line num="15" count="1" type="cond" truecount="1" falsecount="1"/>
      <line num="16" count="0" type="stmt"/>
      <line num="18" count="1" type="stmt"/>
      <line num="22" count="1" type="stmt"/>
      <line num="23" count="1" type="cond" truecount="3" falsecount="1"/>
      <line num="24" count="1" type="stmt"/>
      <line num="26" count="0" type="stmt"/>
      <line num="30" count="3" type="stmt"/>
      <line num="33" count="1" type="stmt"/>
    </file>
  </project>
</coverage>
