{"/Users/giotto/Desktop/opit/TERMS/Term_6/Prototype/Dimensions_Tests/D1_GenerativeCapacity&CodeQuality/D1_T1_GitHubCopilot.js": {"path":"/Users/giotto/Desktop/opit/TERMS/Term_6/Prototype/Dimensions_Tests/D1_GenerativeCapacity&CodeQuality/D1_T1_GitHubCopilot.js","statementMap":{"0":{"start":{"line":5,"column":4},"end":{"line":14,"column":6}},"1":{"start":{"line":7,"column":8},"end":{"line":9,"column":9}},"2":{"start":{"line":8,"column":12},"end":{"line":8,"column":36}},"3":{"start":{"line":11,"column":8},"end":{"line":13,"column":18}},"4":{"start":{"line":12,"column":12},"end":{"line":12,"column":35}},"5":{"start":{"line":17,"column":0},"end":{"line":17,"column":30}}},"fnMap":{"0":{"name":"debounce","decl":{"start":{"line":2,"column":9},"end":{"line":2,"column":17}},"loc":{"start":{"line":2,"column":31},"end":{"line":15,"column":1}},"line":2},"1":{"name":"(anonymous_1)","decl":{"start":{"line":5,"column":11},"end":{"line":5,"column":12}},"loc":{"start":{"line":5,"column":29},"end":{"line":14,"column":5}},"line":5},"2":{"name":"(anonymous_2)","decl":{"start":{"line":11,"column":31},"end":{"line":11,"column":32}},"loc":{"start":{"line":11,"column":37},"end":{"line":13,"column":9}},"line":11}},"branchMap":{"0":{"loc":{"start":{"line":7,"column":8},"end":{"line":9,"column":9}},"type":"if","locations":[{"start":{"line":7,"column":8},"end":{"line":9,"column":9}},{"start":{},"end":{}}],"line":7}},"s":{"0":1,"1":3,"2":2,"3":3,"4":1,"5":1},"f":{"0":1,"1":3,"2":1},"b":{"0":[2,1]},"_coverageSchema":"1a1c01bbd47fc00a2c39e90264f33305004495a9","hash":"13413611a12d228973f6fe4aec83461607bc142b"}
,"/Users/giotto/Desktop/opit/TERMS/Term_6/Prototype/Dimensions_Tests/D1_GenerativeCapacity&CodeQuality/D1_T2_GitHubCopilot.js": {"path":"/Users/giotto/Desktop/opit/TERMS/Term_6/Prototype/Dimensions_Tests/D1_GenerativeCapacity&CodeQuality/D1_T2_GitHubCopilot.js","statementMap":{"0":{"start":{"line":3,"column":23},"end":{"line":3,"column":44}},"1":{"start":{"line":4,"column":23},"end":{"line":4,"column":33}},"2":{"start":{"line":6,"column":29},"end":{"line":28,"column":6}},"3":{"start":{"line":7,"column":19},"end":{"line":10,"column":19}},"4":{"start":{"line":8,"column":12},"end":{"line":8,"column":31}},"5":{"start":{"line":9,"column":12},"end":{"line":9,"column":51}},"6":{"start":{"line":12,"column":8},"end":{"line":27,"column":15}},"7":{"start":{"line":14,"column":16},"end":{"line":14,"column":33}},"8":{"start":{"line":15,"column":16},"end":{"line":17,"column":17}},"9":{"start":{"line":16,"column":20},"end":{"line":16,"column":78}},"10":{"start":{"line":18,"column":16},"end":{"line":18,"column":39}},"11":{"start":{"line":22,"column":16},"end":{"line":22,"column":33}},"12":{"start":{"line":23,"column":16},"end":{"line":25,"column":17}},"13":{"start":{"line":24,"column":20},"end":{"line":24,"column":116}},"14":{"start":{"line":26,"column":16},"end":{"line":26,"column":28}},"15":{"start":{"line":30,"column":4},"end":{"line":30,"column":28}},"16":{"start":{"line":33,"column":0},"end":{"line":33,"column":46}}},"fnMap":{"0":{"name":"fetchWithRetryAndTimeout","decl":{"start":{"line":2,"column":9},"end":{"line":2,"column":33}},"loc":{"start":{"line":2,"column":82},"end":{"line":31,"column":1}},"line":2},"1":{"name":"(anonymous_1)","decl":{"start":{"line":6,"column":41},"end":{"line":6,"column":42}},"loc":{"start":{"line":6,"column":62},"end":{"line":28,"column":5}},"line":6},"2":{"name":"(anonymous_2)","decl":{"start":{"line":7,"column":30},"end":{"line":7,"column":31}},"loc":{"start":{"line":7,"column":36},"end":{"line":10,"column":9}},"line":7},"3":{"name":"(anonymous_3)","decl":{"start":{"line":13,"column":18},"end":{"line":13,"column":19}},"loc":{"start":{"line":13,"column":30},"end":{"line":19,"column":13}},"line":13},"4":{"name":"(anonymous_4)","decl":{"start":{"line":21,"column":19},"end":{"line":21,"column":20}},"loc":{"start":{"line":21,"column":26},"end":{"line":27,"column":13}},"line":21}},"branchMap":{"0":{"loc":{"start":{"line":2,"column":39},"end":{"line":2,"column":51}},"type":"default-arg","locations":[{"start":{"line":2,"column":49},"end":{"line":2,"column":51}}],"line":2},"1":{"loc":{"start":{"line":2,"column":53},"end":{"line":2,"column":64}},"type":"default-arg","locations":[{"start":{"line":2,"column":63},"end":{"line":2,"column":64}}],"line":2},"2":{"loc":{"start":{"line":2,"column":66},"end":{"line":2,"column":80}},"type":"default-arg","locations":[{"start":{"line":2,"column":76},"end":{"line":2,"column":80}}],"line":2},"3":{"loc":{"start":{"line":15,"column":16},"end":{"line":17,"column":17}},"type":"if","locations":[{"start":{"line":15,"column":16},"end":{"line":17,"column":17}},{"start":{},"end":{}}],"line":15},"4":{"loc":{"start":{"line":23,"column":16},"end":{"line":25,"column":17}},"type":"if","locations":[{"start":{"line":23,"column":16},"end":{"line":25,"column":17}},{"start":{},"end":{}}],"line":23},"5":{"loc":{"start":{"line":23,"column":20},"end":{"line":23,"column":60}},"type":"binary-expr","locations":[{"start":{"line":23,"column":20},"end":{"line":23,"column":31}},{"start":{"line":23,"column":35},"end":{"line":23,"column":60}}],"line":23}},"s":{"0":3,"1":3,"2":3,"3":3,"4":0,"5":0,"6":3,"7":1,"8":1,"9":0,"10":1,"11":1,"12":1,"13":1,"14":0,"15":3,"16":1},"f":{"0":3,"1":3,"2":0,"3":1,"4":1},"b":{"0":[0],"1":[0],"2":[1],"3":[0,1],"4":[1,0],"5":[1,1]},"_coverageSchema":"1a1c01bbd47fc00a2c39e90264f33305004495a9","hash":"382392a81f4d4166fe56206c5375110faf82df71"}
}
