TN:
SF:D1_GenerativeCapacity&CodeQuality/D1_T1_GitHubCopilot.js
FN:2,debounce
FN:5,(anonymous_1)
FN:11,(anonymous_2)
FNF:3
FNH:3
FNDA:1,debounce
FNDA:3,(anonymous_1)
FNDA:1,(anonymous_2)
DA:5,1
DA:7,3
DA:8,2
DA:11,3
DA:12,1
DA:17,1
LF:6
LH:6
BRDA:7,0,0,2
BRDA:7,0,1,1
BRF:2
BRH:2
end_of_record
TN:
SF:D1_GenerativeCapacity&CodeQuality/D1_T2_GitHubCopilot.js
FN:2,fetchWithRetryAndTimeout
FN:6,(anonymous_1)
FN:7,(anonymous_2)
FN:13,(anonymous_3)
FN:21,(anonymous_4)
FNF:5
FNH:4
FNDA:3,fetchWithRetryAndTimeout
FNDA:3,(anonymous_1)
FNDA:0,(anonymous_2)
FNDA:1,(anonymous_3)
FNDA:1,(anonymous_4)
DA:3,3
DA:4,3
DA:6,3
DA:7,3
DA:8,0
DA:9,0
DA:12,3
DA:14,1
DA:15,1
DA:16,0
DA:18,1
DA:22,1
DA:23,1
DA:24,1
DA:26,0
DA:30,3
DA:33,1
LF:17
LH:13
BRDA:2,0,0,0
BRDA:2,1,0,0
BRDA:2,2,0,1
BRDA:15,3,0,0
BRDA:15,3,1,1
BRDA:23,4,0,1
BRDA:23,4,1,0
BRDA:23,5,0,1
BRDA:23,5,1,1
BRF:9
BRH:5
end_of_record
